PERL_DL_NONLAZY=1 "/usr/bin/perl" "-MExtUtils::Command::MM" "-MTest::Harness" "-e" "undef *Test::Harness::Switches; test_harness(0, 'blib/lib', 'blib/arch')" t/*.t
t/00basic.t ...... ok
t/01known.t ...... ok
t/10xmldecl1.t ... ok
t/11xmldecl2.t ... ok
t/12miscstart.t .. ok
t/13int_ent.t .... ok
t/14encoding.t ... ok
t/15element.t .... ok
t/16large.t ...... ok
t/20factory.t .... ok
t/21saxini.t ..... ok
t/40cdata.t ...... ok
t/42entities.t ... ok
t/99cleanup.t .... ok
All tests successful.
Files=14, Tests=106,  2 wallclock secs ( 0.09 usr  0.01 sys +  2.36 cusr  0.14 csys =  2.60 CPU)
Result: PASS
